<?xml version="1.0" encoding="UTF-8"?>
<testng-results ignored="0" total="1" passed="1" failed="0" skipped="0">
  <reporter-output>
  </reporter-output>
  <suite started-at="2024-04-27T03:26:48 IST" name="Default suite" finished-at="2024-04-27T03:27:09 IST" duration-ms="20292">
    <groups>
    </groups>
    <test started-at="2024-04-27T03:26:48 IST" name="Default test" finished-at="2024-04-27T03:27:09 IST" duration-ms="20292">
      <class name="com.automation.concepts.SelectTest">
        <test-method is-config="true" signature="setUp()[pri:0, instance:com.automation.concepts.SelectTest@25ce9dc4]" started-at="2024-04-27T03:26:49 IST" name="setUp" finished-at="2024-04-27T03:26:57 IST" duration-ms="8770" status="PASS">
          <reporter-output>
          </reporter-output>
        </test-method> <!-- setUp -->
        <test-method signature="testSelect()[pri:0, instance:com.automation.concepts.SelectTest@25ce9dc4]" started-at="2024-04-27T03:26:57 IST" name="testSelect" finished-at="2024-04-27T03:27:09 IST" duration-ms="11484" status="PASS">
          <reporter-output>
          </reporter-output>
        </test-method> <!-- testSelect -->
        <test-method is-config="true" signature="quit()[pri:0, instance:com.automation.concepts.SelectTest@25ce9dc4]" started-at="2024-04-27T03:27:09 IST" name="quit" finished-at="2024-04-27T03:27:09 IST" duration-ms="0" status="PASS">
          <reporter-output>
          </reporter-output>
        </test-method> <!-- quit -->
      </class> <!-- com.automation.concepts.SelectTest -->
    </test> <!-- Default test -->
  </suite> <!-- Default suite -->
</testng-results>
